<?xml version="1.0" encoding="UTF-8"?>
<!-- Generated by org.testng.reporters.JUnitXMLReporter -->
<testsuite hostname="DESKTOP-938S425" failures="0" tests="6" name="Surefire test" time="29.871" errors="0" timestamp="15 Dec 2024 17:02:26 GMT">
  <testcase classname="com.salesforce.test.HomeTest" name="validateMyProfile" time="5.032"/>
  <testcase classname="com.salesforce.test.LoginTest" name="checkForgotPasswordFunctionality" time="1.392"/>
  <testcase classname="com.salesforce.test.LoginTest" name="loginFailed" time="1.902"/>
  <testcase classname="com.salesforce.test.LoginTest" name="passwordEmpty" time="1.203"/>
  <testcase classname="com.salesforce.test.LoginTest" name="rememberMeFunctionality" time="5.877"/>
  <testcase classname="com.salesforce.test.LoginTest" name="successLogin" time="4.695"/>
</testsuite> <!-- Surefire test -->
