<?xml version="1.0" encoding="UTF-8"?>
<!-- Generated by org.testng.reporters.JUnitXMLReporter -->
<testsuite ignored="4" hostname="DESKTOP-938S425" failures="0" tests="1" name="Default test" time="6.325" errors="0" timestamp="2024-12-10T11:22:43 EST">
  <testcase classname="com.salesforce.test.LoginTest" name="loginFailed" time="2.413"/>
  <testcase classname="com.salesforce.test.LoginTest" name="checkForgotPasswordFunctionality" time="0.0">
    <ignored/>
  </testcase> <!-- checkForgotPasswordFunctionality -->
  <testcase classname="com.salesforce.test.LoginTest" name="passwordEmpty" time="0.0">
    <ignored/>
  </testcase> <!-- passwordEmpty -->
  <testcase classname="com.salesforce.test.LoginTest" name="rememberMeFunctionality" time="0.0">
    <ignored/>
  </testcase> <!-- rememberMeFunctionality -->
  <testcase classname="com.salesforce.test.LoginTest" name="successLogin" time="0.0">
    <ignored/>
  </testcase> <!-- successLogin -->
</testsuite> <!-- Default test -->
