<?xml version="1.0" encoding="UTF-8"?>
<!-- Generated by org.testng.reporters.JUnitXMLReporter -->
<testsuite ignored="0" hostname="DESKTOP-938S425" failures="0" tests="6" name="Login" time="26.431" errors="0" timestamp="2024-12-13T13:39:05 EST">
  <testcase classname="com.salesforce.test.LoginTest" name="checkForgotPasswordFunctionality" time="1.558"/>
  <testcase classname="com.salesforce.test.LoginTest" name="loginFailed" time="1.822"/>
  <testcase classname="com.salesforce.test.LoginTest" name="passwordEmpty" time="0.784"/>
  <testcase classname="com.salesforce.test.LoginTest" name="rememberMeFunctionality" time="4.828"/>
  <testcase classname="com.salesforce.test.LoginTest" name="successLogin" time="2.187"/>
  <testcase classname="com.salesforce.test.HomeTest" name="validateMyProfile" time="3.838"/>
</testsuite> <!-- Login -->
